==26051== Memcheck, a memory error detector
==26051== Copyright (C) 2002-2022, and GNU GPL'd, by Julian Seward et al.
==26051== Using Valgrind-3.20.0-5147d671e4-20221024 and LibVEX; rerun with -h for copyright info
==26051== Command: bin/main testcases_3/Accounts_Test1.txt testcases_3/Commands_Test1.txt
==26051== 
--26051-- Valgrind options:
--26051--    -v
--26051--    --leak-check=yes
--26051--    --track-origins=yes
--26051--    --leak-check=full
--26051--    --show-leak-kinds=all
--26051-- Contents of /proc/version:
--26051--   Linux version 6.8.0-1021-azure (buildd@lcy02-amd64-045) (x86_64-linux-gnu-gcc-11 (Ubuntu 11.4.0-1ubuntu1~22.04) 11.4.0, GNU ld (GNU Binutils for Ubuntu) 2.38) #25~22.04.1-Ubuntu SMP Thu Jan 16 21:37:09 UTC 2025
--26051-- 
--26051-- Arch and hwcaps: AMD64, LittleEndian, amd64-cx16-lzcnt-rdtscp-sse3-ssse3-avx-avx2-bmi-f16c-rdrand-rdseed
--26051-- Page sizes: currently 4096, max supported 4096
--26051-- Valgrind library directory: /usr/libexec/valgrind
--26051-- Reading syms from /workspaces/bank-tymo7256/bin/main
--26051-- Reading syms from /usr/lib/x86_64-linux-gnu/ld-linux-x86-64.so.2
--26051--   Considering /usr/lib/debug/.build-id/f4/bc47db467906580a47640e01e6d901e2642a7b.debug ..
--26051--   .. build-id is valid
--26051-- Reading syms from /usr/libexec/valgrind/memcheck-amd64-linux
--26051--    object doesn't have a symbol table
--26051--    object doesn't have a dynamic symbol table
--26051-- Scheduler: using generic scheduler lock implementation.
--26051-- Reading suppressions file: /usr/libexec/valgrind/default.supp
==26051== embedded gdbserver: reading from /tmp/vgdb-pipe-from-vgdb-to-26051-by-vscode-on-codespaces-0625dc
==26051== embedded gdbserver: writing to   /tmp/vgdb-pipe-to-vgdb-from-26051-by-vscode-on-codespaces-0625dc
==26051== embedded gdbserver: shared mem   /tmp/vgdb-pipe-shared-mem-vgdb-26051-by-vscode-on-codespaces-0625dc
==26051== 
==26051== TO CONTROL THIS PROCESS USING vgdb (which you probably
==26051== don't want to do, unless you know exactly what you're doing,
==26051== or are doing some strange experiment):
==26051==   /usr/bin/vgdb --pid=26051 ...command...
==26051== 
==26051== TO DEBUG THIS PROCESS USING GDB: start GDB like this
==26051==   /path/to/gdb bin/main
==26051== and then give GDB the following command
==26051==   target remote | /usr/bin/vgdb --pid=26051
==26051== --pid is optional if only one valgrind process is running
==26051== 
--26051-- REDIR: 0x40238e0 (ld-linux-x86-64.so.2:strlen) redirected to 0x580bda92 (???)
--26051-- REDIR: 0x40220c0 (ld-linux-x86-64.so.2:index) redirected to 0x580bdaac (???)
--26051-- Reading syms from /usr/libexec/valgrind/vgpreload_core-amd64-linux.so
--26051--    object doesn't have a symbol table
--26051-- Reading syms from /usr/libexec/valgrind/vgpreload_memcheck-amd64-linux.so
--26051--    object doesn't have a symbol table
==26051== WARNING: new redirection conflicts with existing -- ignoring it
--26051--     old: 0x040238e0 (strlen              ) R-> (0000.0) 0x580bda92 ???
--26051--     new: 0x040238e0 (strlen              ) R-> (2007.0) 0x04846da0 strlen
--26051-- REDIR: 0x40222e0 (ld-linux-x86-64.so.2:strcmp) redirected to 0x4847ec0 (strcmp)
--26051-- REDIR: 0x4021550 (ld-linux-x86-64.so.2:mempcpy) redirected to 0x484bcb0 (mempcpy)
--26051-- Reading syms from /usr/lib/x86_64-linux-gnu/libstdc++.so.6.0.30
--26051--    object doesn't have a symbol table
--26051-- Reading syms from /usr/lib/x86_64-linux-gnu/libm.so.6
--26051--   Considering /usr/lib/debug/.build-id/6d/201df2cb50847f0ed42da4158c3a608d578f03.debug ..
--26051--   .. build-id is valid
--26051-- Reading syms from /usr/lib/x86_64-linux-gnu/libgcc_s.so.1
--26051--    object doesn't have a symbol table
--26051-- Reading syms from /usr/lib/x86_64-linux-gnu/libc.so.6
--26051--   Considering /usr/lib/debug/.build-id/c0/47672cae7964324658491e7dee26748ae5d2f8.debug ..
--26051--   .. build-id is valid
==26051== WARNING: new redirection conflicts with existing -- ignoring it
--26051--     old: 0x04c095d0 (memalign            ) R-> (1011.0) 0x04845ff0 memalign
--26051--     new: 0x04c095d0 (memalign            ) R-> (1017.0) 0x04845fc0 aligned_alloc
==26051== WARNING: new redirection conflicts with existing -- ignoring it
--26051--     old: 0x04c095d0 (memalign            ) R-> (1011.0) 0x04845ff0 memalign
--26051--     new: 0x04c095d0 (memalign            ) R-> (1017.0) 0x04845f90 aligned_alloc
==26051== WARNING: new redirection conflicts with existing -- ignoring it
--26051--     old: 0x04c095d0 (memalign            ) R-> (1011.0) 0x04845ff0 memalign
--26051--     new: 0x04c095d0 (memalign            ) R-> (1017.0) 0x04845fc0 aligned_alloc
==26051== WARNING: new redirection conflicts with existing -- ignoring it
--26051--     old: 0x04c095d0 (memalign            ) R-> (1011.0) 0x04845ff0 memalign
--26051--     new: 0x04c095d0 (memalign            ) R-> (1017.0) 0x04845f90 aligned_alloc
--26051-- REDIR: 0x4023a80 (ld-linux-x86-64.so.2:strncmp) redirected to 0x48476f0 (strncmp)
--26051-- REDIR: 0x4c0f510 (libc.so.6:strnlen) redirected to 0x48371b0 (_vgnU_ifunc_wrapper)
--26051-- REDIR: 0x4c0f5a0 (libc.so.6:strpbrk) redirected to 0x48371b0 (_vgnU_ifunc_wrapper)
--26051-- REDIR: 0x4c0d6c0 (libc.so.6:strcmp) redirected to 0x48371b0 (_vgnU_ifunc_wrapper)
--26051-- REDIR: 0x4c224a0 (libc.so.6:wcsnlen) redirected to 0x48371b0 (_vgnU_ifunc_wrapper)
--26051-- REDIR: 0x4c0c800 (libc.so.6:memset) redirected to 0x48371b0 (_vgnU_ifunc_wrapper)
--26051-- REDIR: 0x4c20de0 (libc.so.6:wcslen) redirected to 0x48371b0 (_vgnU_ifunc_wrapper)
--26051-- REDIR: 0x4c0be30 (libc.so.6:memcpy@@GLIBC_2.14) redirected to 0x48371b0 (_vgnU_ifunc_wrapper)
--26051-- REDIR: 0x4c20c10 (libc.so.6:wcschr) redirected to 0x48371b0 (_vgnU_ifunc_wrapper)
--26051-- REDIR: 0x4c0d5b0 (libc.so.6:index) redirected to 0x48371b0 (_vgnU_ifunc_wrapper)
--26051-- REDIR: 0x4c0f5d0 (libc.so.6:rindex) redirected to 0x48371b0 (_vgnU_ifunc_wrapper)
--26051-- REDIR: 0x4c20ca0 (libc.so.6:wcscmp) redirected to 0x48371b0 (_vgnU_ifunc_wrapper)
--26051-- REDIR: 0x4c0ca40 (libc.so.6:stpncpy) redirected to 0x48371b0 (_vgnU_ifunc_wrapper)
--26051-- REDIR: 0x4c211f0 (libc.so.6:wmemchr) redirected to 0x48371b0 (_vgnU_ifunc_wrapper)
--26051-- REDIR: 0x4c0f3c0 (libc.so.6:strncmp) redirected to 0x48371b0 (_vgnU_ifunc_wrapper)
--26051-- REDIR: 0x4c0cab0 (libc.so.6:strcasecmp) redirected to 0x48371b0 (_vgnU_ifunc_wrapper)
--26051-- REDIR: 0x4c0e920 (libc.so.6:strcspn) redirected to 0x48371b0 (_vgnU_ifunc_wrapper)
--26051-- REDIR: 0x4c20d30 (libc.so.6:wcscpy) redirected to 0x48371b0 (_vgnU_ifunc_wrapper)
--26051-- REDIR: 0x4c0d530 (libc.so.6:strcat) redirected to 0x48371b0 (_vgnU_ifunc_wrapper)
--26051-- REDIR: 0x4c0f2b0 (libc.so.6:strncasecmp_l) redirected to 0x48371b0 (_vgnU_ifunc_wrapper)
--26051-- REDIR: 0x4c0bd40 (libc.so.6:bcmp) redirected to 0x48371b0 (_vgnU_ifunc_wrapper)
--26051-- REDIR: 0x4c0c770 (libc.so.6:memrchr) redirected to 0x48371b0 (_vgnU_ifunc_wrapper)
--26051-- REDIR: 0x4c0d630 (libc.so.6:strchrnul) redirected to 0x48371b0 (_vgnU_ifunc_wrapper)
--26051-- REDIR: 0x4c0e8a0 (libc.so.6:strcpy) redirected to 0x48371b0 (_vgnU_ifunc_wrapper)
--26051-- REDIR: 0x4c0cb50 (libc.so.6:strcasecmp_l) redirected to 0x48371b0 (_vgnU_ifunc_wrapper)
--26051-- REDIR: 0x4c0f180 (libc.so.6:strlen) redirected to 0x48371b0 (_vgnU_ifunc_wrapper)
--26051-- REDIR: 0x4c0f460 (libc.so.6:strncpy) redirected to 0x48371b0 (_vgnU_ifunc_wrapper)
--26051-- REDIR: 0x4c0c9c0 (libc.so.6:stpcpy) redirected to 0x48371b0 (_vgnU_ifunc_wrapper)
--26051-- REDIR: 0x4c0c550 (libc.so.6:memmove) redirected to 0x48371b0 (_vgnU_ifunc_wrapper)
==26051== Preferring higher priority redirection:
--26051--     old: 0x04cc2940 (__memcpy_avx_unalign) R-> (2018.0) 0x048492a0 __memcpy_avx_unaligned_erms
--26051--     new: 0x04cc2940 (__memcpy_avx_unalign) R-> (2018.1) 0x0484ad40 memmove
--26051-- REDIR: 0x4c0bcc0 (libc.so.6:memchr) redirected to 0x48371b0 (_vgnU_ifunc_wrapper)
--26051-- REDIR: 0x4c0f790 (libc.so.6:strspn) redirected to 0x48371b0 (_vgnU_ifunc_wrapper)
--26051-- REDIR: 0x4c0c660 (libc.so.6:mempcpy) redirected to 0x48371b0 (_vgnU_ifunc_wrapper)
--26051-- REDIR: 0x4c0f210 (libc.so.6:strncasecmp) redirected to 0x48371b0 (_vgnU_ifunc_wrapper)
--26051-- REDIR: 0x4c0c900 (libc.so.6:rawmemchr) redirected to 0x48371b0 (_vgnU_ifunc_wrapper)
--26051-- REDIR: 0x4cc8a10 (libc.so.6:__strrchr_avx2) redirected to 0x4846780 (rindex)
--26051-- REDIR: 0x4c088f0 (libc.so.6:malloc) redirected to 0x4840790 (malloc)
--26051-- REDIR: 0x4cc60c0 (libc.so.6:__strlen_avx2) redirected to 0x4846c80 (strlen)
--26051-- REDIR: 0x4cc21e0 (libc.so.6:__memcmp_avx2_movbe) redirected to 0x484a460 (bcmp)
--26051-- REDIR: 0x4cc57d0 (libc.so.6:__strcmp_avx2) redirected to 0x4847dc0 (strcmp)
--26051-- REDIR: 0x4900570 (libstdc++.so.6:operator new(unsigned long)) redirected to 0x4840f10 (operator new(unsigned long))
--26051-- REDIR: 0x4cc2940 (libc.so.6:__memcpy_avx_unaligned_erms) redirected to 0x484ad40 (memmove)
--26051-- REDIR: 0x4cc53a0 (libc.so.6:__strchr_avx2) redirected to 0x4846960 (index)
--26051-- REDIR: 0x49005d0 (libstdc++.so.6:operator new[](unsigned long)) redirected to 0x48421f0 (operator new[](unsigned long))
--26051-- REDIR: 0x48fe8d0 (libstdc++.so.6:operator delete(void*)) redirected to 0x48437b0 (operator delete(void*))
-------------
--26051-- REDIR: 0x4cc28f0 (libc.so.6:__mempcpy_avx_unaligned_erms) redirected to 0x484b8b0 (mempcpy)
--26051-- REDIR: 0x4cc55e0 (libc.so.6:__strchrnul_avx2) redirected to 0x484b790 (strchrnul)
--26051-- REDIR: 0x4cc1f40 (libc.so.6:__memchr_avx2) redirected to 0x4847f40 (memchr)
1, USD100.00, F 1.00%, USD1.00, USD1.00
2, GBP200.00, T GBP100.00 GBP200.00 1.00% 2.00%, GBP0.00, GBP1.00
-------------
-------------
1, USD99.00, F 1.00%, USD1.00, USD1.00
2, GBP201.00, T GBP100.00 GBP200.00 1.00% 2.00%, GBP0.00, GBP1.00
-------------
-------------
1, USD99.99, F 1.00%, USD1.00, USD1.00
2, GBP205.02, T GBP100.00 GBP200.00 1.00% 2.00%, GBP0.00, GBP1.00
-------------
-------------
1, USD0.99, F 1.00%, USD1.00, USD1.00
2, GBP105.02, T GBP100.00 GBP200.00 1.00% 2.00%, GBP0.00, GBP1.00
-------------
-------------
1, USD-0.01, F 1.00%, USD1.00, USD1.00
2, GBP106.07, T GBP100.00 GBP200.00 1.00% 2.00%, GBP0.00, GBP1.00
-------------
-------------
1, USD1.01, F 1.00%, USD1.00, USD1.00
2, GBP106.07, T GBP100.00 GBP200.00 1.00% 2.00%, GBP0.00, GBP1.00
-------------
-------------
1, USD0.01, F 1.00%, USD1.00, USD1.00
2, GBP107.13, T GBP100.00 GBP200.00 1.00% 2.00%, GBP0.00, GBP1.00
-------------
-------------
1, USD0.01, F 1.00%, USD1.00, USD1.00
2, GBP99.13, T GBP100.00 GBP200.00 1.00% 2.00%, GBP0.00, GBP1.00
-------------
-------------
1, USD-0.99, F 1.00%, USD1.00, USD1.00
2, GBP99.13, T GBP100.00 GBP200.00 1.00% 2.00%, GBP0.00, GBP1.00
-------------
--26051-- REDIR: 0x48fe900 (libstdc++.so.6:operator delete[](void*)) redirected to 0x4844990 (operator delete[](void*))
--26051-- REDIR: 0x4c08eb0 (libc.so.6:free) redirected to 0x4843180 (free)
==26051== 
==26051== HEAP SUMMARY:
==26051==     in use at exit: 0 bytes in 0 blocks
==26051==   total heap usage: 23 allocs, 23 frees, 95,609 bytes allocated
==26051== 
==26051== All heap blocks were freed -- no leaks are possible
==26051== 
==26051== ERROR SUMMARY: 0 errors from 0 contexts (suppressed: 0 from 0)
